This is pdfTeX, Version 3.1415926-2.3-1.40.12 (MiKTeX 2.9) (preloaded format=pdflatex 2015.3.23)  24 MAY 2015 22:43
entering extended mode
**v2-acmlarge-sample.tex
(C:\Users\glfpes\Desktop\acmlarge\v2-acmlarge-sample.tex
LaTeX2e <2011/06/27>
Babel <v3.8m> and hyphenation patterns for loaded.
(C:\Users\glfpes\Desktop\acmlarge\acmlarge.cls
Document Class: acmlarge 2012/03/05 ACM Transactions class
(C:\Users\glfpes\Desktop\acmlarge\url.sty
\Urlmuskip=\muskip10
Package: url 2006/04/12  ver 3.3  Verb mode for urls, etc.
)

Using ACM, TAP's option: 2010/05/18 by Aptara

Using ACM, prodmode option: 2010/06/28 by Aptara
\tempdimen=\dimen102
\temptxtwd=\dimen103
\normaltextheight=\dimen104
\normaltextheight=\dimen105
\blindfoliodrop=\dimen106
\tempbox=\box26
\c@part=\count79
\c@section=\count80
\c@subsection=\count81
\c@subsubsection=\count82
\c@paragraph=\count83
\c@secnumbookdepth=\count84
\enumdim=\dimen107
\c@theorem=\count85
\c@figure=\count86
\c@table=\count87
\belowcaptionskip=\skip41
\tbbox=\box27
\tabledim=\dimen108
\@narrowfig=\dimen109
\@nfigbox=\box28
\@nfcapbox=\box29
\@abstract=\box30
\@terms=\box31
\@keywords=\box32
\@firstpg=\count88
\@lastpg=\count89
\@totalpg=\count90
\bibindent=\dimen110
LaTeX Info: Redefining \cal on input line 1435.
(D:\CTEX\MiKTeX\tex\latex\base\latexsym.sty
Package: latexsym 1998/08/17 v2.2e Standard LaTeX package (lasy symbols)
\symlasy=\mathgroup4
LaTeX Font Info:    Overwriting symbol font `lasy' in version `bold'
(Font)                  U/lasy/m/n --> U/lasy/b/n on input line 47.
)
(D:\CTEX\MiKTeX\tex\latex\graphics\graphicx.sty
Package: graphicx 1999/02/16 v1.0f Enhanced LaTeX Graphics (DPC,SPQR)

(D:\CTEX\MiKTeX\tex\latex\graphics\keyval.sty
Package: keyval 1999/03/16 v1.13 key=value parser (DPC)
\KV@toks@=\toks14
)
(D:\CTEX\MiKTeX\tex\latex\graphics\graphics.sty
Package: graphics 2009/02/05 v1.0o Standard LaTeX Graphics (DPC,SPQR)

(D:\CTEX\MiKTeX\tex\latex\graphics\trig.sty
Package: trig 1999/03/16 v1.09 sin cos tan (DPC)
)
(D:\CTEX\MiKTeX\tex\latex\00miktex\graphics.cfg
File: graphics.cfg 2007/01/18 v1.5 graphics configuration of teTeX/TeXLive
)
Package graphics Info: Driver file: pdftex.def on input line 91.

(D:\CTEX\MiKTeX\tex\latex\pdftex-def\pdftex.def
File: pdftex.def 2011/05/27 v0.06d Graphics/color for pdfTeX

(D:\CTEX\MiKTeX\tex\generic\oberdiek\infwarerr.sty
Package: infwarerr 2010/04/08 v1.3 Providing info/warning/message (HO)
)
(D:\CTEX\MiKTeX\tex\generic\oberdiek\ltxcmds.sty
Package: ltxcmds 2011/04/18 v1.20 LaTeX kernel commands for general use (HO)
)
\Gread@gobject=\count91
))
\Gin@req@height=\dimen111
\Gin@req@width=\dimen112
)
(D:\CTEX\MiKTeX\tex\latex\graphics\color.sty
Package: color 2005/11/14 v1.0j Standard LaTeX Color (DPC)

(D:\CTEX\MiKTeX\tex\latex\00miktex\color.cfg
File: color.cfg 2007/01/18 v1.5 color configuration of teTeX/TeXLive
)
Package color Info: Driver file: pdftex.def on input line 130.
))
(C:\Users\glfpes\Desktop\acmlarge\algorithm2e.sty
Package: algorithm2e 2008/00/00 v3.10 algorithms environments
\c@AlgoLine=\count92

(D:\CTEX\MiKTeX\tex\latex\base\ifthen.sty
Package: ifthen 2001/05/26 v1.1c Standard LaTeX ifthen package (DPC)
)
(D:\CTEX\MiKTeX\tex\latex\tools\xspace.sty
Package: xspace 2009/10/20 v1.13 Space after command names (DPC,MH)
)
(D:\CTEX\MiKTeX\tex\latex\ltxmisc\relsize.sty
Package: relsize 2003/07/04 ver 3.1


Package relsize Warning: Failed to get list of font sizes.
(relsize)                Falling back to old definition. on input line 81.

)
********************************************************
Package `algorithm2e' Release 4.01 -- december 14 2009 --
- algorithm2e-announce@lirmm.fr mailing list for announcement about releases
- algorithm2e-discussion@lirmm.fr mailing list for discussion about package
subscribe by emailing sympa@lirmm.fr with 'subscribe <list> <firstname name>'
- Author: Christophe Fiorio (fiorio@lirmm.fr)
********************************************************
\skiptotal=\skip42
\skiplinenumber=\skip43
\skiprule=\skip44
\skiphlne=\skip45
\skiptext=\skip46
\skiplength=\skip47
\algomargin=\skip48
\skipalgocfslide=\skip49
\algowidth=\dimen113
\inoutsize=\dimen114
\inoutline=\dimen115
\interspacetitleruled=\dimen116
\interspacealgoruled=\dimen117
\interspacetitleboxruled=\dimen118
\algocf@inoutbox=\box33
\algocf@inputbox=\box34
\AlCapSkip=\skip50
\AlCapHSkip=\skip51
\algocf@nlbox=\box35
\algocf@hangingbox=\box36
\algocf@capbox=\box37
\algoheightruledefault=\skip52
\algoheightrule=\skip53
\algotitleheightruledefault=\skip54
\algotitleheightrule=\skip55
\c@algocfline=\count93
\c@algocfproc=\count94
\c@algocf=\count95
\algocf@algoframe=\box38
\algocf@algobox=\box39
) (C:\Users\glfpes\Desktop\acmlarge\v2-acmlarge-sample.aux)
LaTeX Font Info:    Checking defaults for OML/cmm/m/it on input line 68.
LaTeX Font Info:    ... okay on input line 68.
LaTeX Font Info:    Checking defaults for T1/cmr/m/n on input line 68.
LaTeX Font Info:    ... okay on input line 68.
LaTeX Font Info:    Checking defaults for OT1/cmr/m/n on input line 68.
LaTeX Font Info:    ... okay on input line 68.
LaTeX Font Info:    Checking defaults for OMS/cmsy/m/n on input line 68.
LaTeX Font Info:    ... okay on input line 68.
LaTeX Font Info:    Checking defaults for OMX/cmex/m/n on input line 68.
LaTeX Font Info:    ... okay on input line 68.
LaTeX Font Info:    Checking defaults for U/cmr/m/n on input line 68.
LaTeX Font Info:    ... okay on input line 68.
LaTeX Font Info:    Try loading font information for OT1+pnc on input line 68.

(D:\CTEX\MiKTeX\tex\latex\psnfss\ot1pnc.fd
File: ot1pnc.fd 2001/06/04 font definitions for OT1/pnc.
)
\bibhang=\skip56

(D:\CTEX\MiKTeX\tex\context\base\supp-pdf.mkii
[Loading MPS to PDF converter (version 2006.09.02).]
\scratchcounter=\count96
\scratchdimen=\dimen119
\scratchbox=\box40
\nofMPsegments=\count97
\nofMParguments=\count98
\everyMPshowfont=\toks15
\MPscratchCnt=\count99
\MPscratchDim=\dimen120
\MPnumerator=\count100
\makeMPintoPDFobject=\count101
\everyMPtoPDFconversion=\toks16
)
LaTeX Font Info:    External font `cmex10' loaded for size
(Font)              <8> on input line 76.
LaTeX Font Info:    External font `cmex10' loaded for size
(Font)              <6> on input line 76.
LaTeX Font Info:    External font `cmex10' loaded for size
(Font)              <5> on input line 76.
LaTeX Font Info:    Try loading font information for U+lasy on input line 76.
 (D:\CTEX\MiKTeX\tex\latex\base\ulasy.fd
File: ulasy.fd 1998/08/17 v2.2e LaTeX symbol font definitions
)
LaTeX Font Info:    Try loading font information for OMS+pnc on input line 76.

(D:\CTEX\MiKTeX\tex\latex\psnfss\omspnc.fd
File: omspnc.fd 
)
LaTeX Font Info:    Font shape `OMS/pnc/m/n' in size <8> not available
(Font)              Font shape `OMS/cmsy/m/n' tried instead on input line 76.
LaTeX Font Info:    Font shape `OT1/pnc/bx/n' in size <8> not available
(Font)              Font shape `OT1/pnc/b/n' tried instead on input line 79.
LaTeX Font Info:    Try loading font information for OT1+phv on input line 82.

(D:\CTEX\MiKTeX\tex\latex\psnfss\ot1phv.fd
File: ot1phv.fd 2001/06/04 scalable font definitions for OT1/phv.
)
Underfull \vbox (badness 10000) has occurred while \output is active []

LaTeX Font Info:    Font shape `OT1/pnc/bx/n' in size <12> not available
(Font)              Font shape `OT1/pnc/b/n' tried instead on input line 103.

Overfull \vbox (73.96626pt too high) has occurred while \output is active []


[1{D:/CTEX/UserData/pdftex/config/pdftex.map{Unicode.sfd}{UGBK.sfd}}
Non-PDF special ignored!

]
Underfull \hbox (badness 3557) in paragraph at lines 149--149
[]\OT1/pnc/m/n/8 Objective and com-pu-ta-
 []


Underfull \hbox (badness 2080) in paragraph at lines 149--149
\OT1/pnc/m/n/8 tion-al mea-sures for de-
 []


Underfull \hbox (badness 1946) in paragraph at lines 149--149
\OT1/pnc/m/n/8 scrib-ing the changes in
 []


Underfull \hbox (badness 3039) in paragraph at lines 149--149
[]\OT1/pnc/m/n/8 Definition of sub-jec-tive-
 []


Underfull \hbox (badness 1102) in paragraph at lines 149--149
\OT1/pnc/m/n/8 ly cru-cial im-age qual-i-ty
 []

LaTeX Font Info:    External font `cmex10' loaded for size
(Font)              <7> on input line 180.

Overfull \vbox (0.633pt too high) has occurred while \output is active []

 [2]
<acmlarge-mouse.pdf, id=16, 151.56625pt x 134.5025pt>
File: acmlarge-mouse.pdf Graphic file (type pdf)
 <use acmlarge-mouse.pdf>
Package pdftex.def Info: acmlarge-mouse.pdf used on input line 259.
(pdftex.def)             Requested size: 151.56587pt x 134.50215pt.

Overfull \vbox (0.633pt too high) has occurred while \output is active []

 [3]
File: acmlarge-mouse.pdf Graphic file (type pdf)

<use acmlarge-mouse.pdf>
Package pdftex.def Info: acmlarge-mouse.pdf used on input line 317.
(pdftex.def)             Requested size: 151.56587pt x 134.50215pt.

Overfull \vbox (0.633pt too high) has occurred while \output is active []

 [4 <C:/Users/glfpes/Desktop/acmlarge/acmlarge-mouse.pdf>]
Overfull \vbox (0.633pt too high) has occurred while \output is active []

 [5]
LaTeX Font Info:    External font `cmex10' loaded for size
(Font)              <9> on input line 413.
LaTeX Font Info:    Font shape `OT1/pnc/bx/n' in size <9> not available
(Font)              Font shape `OT1/pnc/b/n' tried instead on input line 428.
LaTeX Font Info:    Font shape `OT1/pnc/bx/n' in size <10> not available
(Font)              Font shape `OT1/pnc/b/n' tried instead on input line 429.

Overfull \vbox (0.633pt too high) has occurred while \output is active []

 [6]
File: acmlarge-mouse.pdf Graphic file (type pdf)

<use acmlarge-mouse.pdf>
Package pdftex.def Info: acmlarge-mouse.pdf used on input line 489.
(pdftex.def)             Requested size: 151.56587pt x 134.50215pt.
File: acmlarge-mouse.pdf Graphic file (type pdf)
 <use acmlarge-mouse.pdf>
Package pdftex.def Info: acmlarge-mouse.pdf used on input line 496.
(pdftex.def)             Requested size: 151.56587pt x 134.50215pt.

Overfull \hbox (3.39197pt too wide) in paragraph at lines 487--500
[][]   [] 
 []

File: acmlarge-mouse.pdf Graphic file (type pdf)
<use acmlarge-mouse.pdf>
Package pdftex.def Info: acmlarge-mouse.pdf used on input line 505.
(pdftex.def)             Requested size: 151.56587pt x 134.50215pt.
File: acmlarge-mouse.pdf Graphic file (type pdf)
 <use acmlarge-mouse.pdf>
Package pdftex.def Info: acmlarge-mouse.pdf used on input line 512.
(pdftex.def)             Requested size: 151.56587pt x 134.50215pt.

Overfull \hbox (3.39197pt too wide) in paragraph at lines 503--516
[][]   [] 
 []


Underfull \vbox (badness 7064) has occurred while \output is active []


Overfull \vbox (0.633pt too high) has occurred while \output is active []

 [7]
Overfull \vbox (0.633pt too high) has occurred while \output is active []

 [8]
Overfull \vbox (0.633pt too high) has occurred while \output is active []

 [9]
(C:\Users\glfpes\Desktop\acmlarge\v2-acmlarge-sample.bbl
Underfull \hbox (badness 2285) in paragraph at lines 158--164
[]\OT1/pnc/m/n/8 Ian Ed-i-tor (Ed.). 2008.  \OT1/pnc/m/it/8 The ti-tle of book 
t-wo \OT1/pnc/m/n/8 (2nd. ed.).  U-ni-ver-si-ty of Chica-go Press, Chica-go, Ch
ap-ter 100.
 []


Overfull \vbox (0.633pt too high) has occurred while \output is active []

 [10]
Underfull \hbox (badness 4132) in paragraph at lines 374--382
[]\OT1/pnc/m/n/8 Daniel Pi-neo and Col-in Ware. 2008.  Neu-ral mod-el-ing of fl
ow ren-der-ing ef-fec-tive-ness. In \OT1/pnc/m/it/8 Pro-ceed-ings of the
 []


Underfull \hbox (badness 1924) in paragraph at lines 374--382
\OT1/pnc/m/it/8 5th Sym-po-sium on Ap-plied Per-cep-tion in Graph-ic-s and Vi-s
u-al-iza-tion (APGV'08)\OT1/pnc/m/n/8 . ACM, New Y-ork, NY, 171--178.
 []


Overfull \vbox (0.633pt too high) has occurred while \output is active []

 [11])
Overfull \vbox (0.633pt too high) has occurred while \output is active []

 [12]
[1

] (C:\Users\glfpes\Desktop\acmlarge\v2-acmlarge-sample.aux) ) 
Here is how much of TeX's memory you used:
 2880 strings out of 495354
 36357 string characters out of 3183859
 119407 words of memory out of 3000000
 6025 multiletter control sequences out of 15000+200000
 32172 words of font info for 66 fonts, out of 3000000 for 9000
 14 hyphenation exceptions out of 8191
 34i,19n,26p,607b,426s stack positions out of 5000i,500n,10000p,200000b,50000s
{D:/CTEX/MiKTeX/fo
nts/enc/dvips/fontname/8r.enc}<D:/CTEX/MiKTeX/fonts/type1/public/amsfonts/cm/cm
ex10.pfb><D:/CTEX/MiKTeX/fonts/type1/public/amsfonts/cm/cmmi10.pfb><D:/CTEX/MiK
TeX/fonts/type1/public/amsfonts/cm/cmmi5.pfb><D:/CTEX/MiKTeX/fonts/type1/public
/amsfonts/cm/cmmi7.pfb><D:/CTEX/MiKTeX/fonts/type1/public/amsfonts/cm/cmmi9.pfb
><D:/CTEX/MiKTeX/fonts/type1/public/amsfonts/cm/cmr10.pfb><D:/CTEX/MiKTeX/fonts
/type1/public/amsfonts/cm/cmr5.pfb><D:/CTEX/MiKTeX/fonts/type1/public/amsfonts/
cm/cmr7.pfb><D:/CTEX/MiKTeX/fonts/type1/public/amsfonts/cm/cmr8.pfb><D:/CTEX/Mi
KTeX/fonts/type1/public/amsfonts/cm/cmr9.pfb><D:/CTEX/MiKTeX/fonts/type1/public
/amsfonts/cm/cmsy10.pfb><D:/CTEX/MiKTeX/fonts/type1/public/amsfonts/cm/cmsy5.pf
b><D:/CTEX/MiKTeX/fonts/type1/public/amsfonts/cm/cmsy6.pfb><D:/CTEX/MiKTeX/font
s/type1/public/amsfonts/cm/cmsy7.pfb><D:/CTEX/MiKTeX/fonts/type1/public/amsfont
s/cm/cmsy8.pfb><D:/CTEX/MiKTeX/fonts/type1/public/amsfonts/cm/cmsy9.pfb><D:/CTE
X/MiKTeX/fonts/type1/public/amsfonts/cm/cmtt8.pfb><D:/CTEX/MiKTeX/fonts/type1/u
rw/helvetic/uhvr8a.pfb><D:/CTEX/MiKTeX/fonts/type1/urw/ncntrsbk/uncb8a.pfb><D:/
CTEX/MiKTeX/fonts/type1/urw/ncntrsbk/uncr8a.pfb><D:/CTEX/MiKTeX/fonts/type1/urw
/ncntrsbk/uncri8a.pfb>
Output written on v2-acmlarge-sample.pdf (13 pages, 267286 bytes).
PDF statistics:
 135 PDF objects out of 1000 (max. 8388607)
 0 named destinations out of 1000 (max. 500000)
 6 words of extra memory for PDF output out of 10000 (max. 10000000)

